2025-05-12T01:48:39.239008Z I [56816:56292] app : Application started successfully.
2025-05-12T01:48:39.239264Z I [56816:56292] app : XfsManager initializing...
2025-05-12T01:48:39.239500Z I [56816:56292] app : Initializing XFS API Wrapper (loading msxfs.dll)...
2025-05-12T01:48:39.239777Z I [56816:56292] app : Attempting to load XFS Manager DLL (msxfs.dll) and resolve symbols via init()...
2025-05-12T01:48:39.244403Z I [56816:56292] app : msxfs.dll loaded successfully. Getting function addresses...
2025-05-12T01:48:39.244648Z I [56816:56292] app : Finished getting XFS API function addresses via init().
2025-05-12T01:48:39.245131Z I [56816:56292] app : Calling WFSStartUp...
2025-05-12T01:48:39.248154Z I [56816:56292] app : WFSStartUp successful.
2025-05-12T01:48:39.248443Z I [56816:56292] app :  API: xfspp XFS Manager
2025-05-12T01:48:39.248615Z I [56816:56292] app : XFS API Wrapper is ready to use.
2025-05-12T01:48:39.248820Z I [56816:56292] app : scanning services XFS from REG 0xffffffff80000003 and .DEFAULT\XFS\LOGICAL_SERVICES key
2025-05-12T01:48:39.248924Z I [56816:56292] app : Succefull opening Registry key: .DEFAULT\XFS\LOGICAL_SERVICES
2025-05-12T01:48:39.249035Z I [56816:56292] app : Class : CDM, Name : MyCurrencyDispenser
2025-05-12T01:48:39.249112Z E [56816:56292] app : Error during enumeration: 0
2025-05-12T01:48:39.249359Z I [56816:56292] app : Open service name : CDM
2025-05-12T01:48:39.249399Z I [56816:56292] app : Opening XFS service: 'CDM'...
2025-05-12T01:48:39.249463Z E [56816:56292] app : Error code : -17 ,XFS desc: Invalid App Handle 
2025-05-12T01:48:39.249561Z I [56816:56292] app : Successfully opened and started listeners for 0 out of 1 configured services.
2025-05-12T01:48:39.249624Z W [56816:56292] app : No XFS services were successfully opened. XFS functionality will be limited.
2025-05-12T01:48:39.249691Z I [56816:56292] app : XfsManager initialization complete.
2025-05-12T01:48:39.249775Z W [56816:56292] app : XFS API initialized, but no services were successfully opened. Application will exit.
2025-05-12T01:48:39.249832Z I [56816:56292] app : Application finished its main task.
2025-05-12T01:48:39.249889Z I [56816:56292] app : Application exit.
2025-05-12T01:48:39.249942Z I [56816:56292] app : XfsManager shutting down...
2025-05-12T01:48:39.249991Z I [56816:56292] app : Cleaning up XFS API Wrapper...
2025-05-12T01:48:39.250043Z I [56816:56292] app : Calling WFSCleanUp...
2025-05-12T01:48:39.250212Z I [56816:56292] app : WFSCleanUp successful.
2025-05-12T01:48:39.250427Z I [56816:56292] app : Attempting XFS API cleanup and unloading DLL via cleanupXFSAPI()...
2025-05-12T01:48:39.251452Z I [56816:56292] app : msxfs.dll unloaded successfully.
2025-05-12T01:48:39.251595Z I [56816:56292] app : cleanupXFSAPI() finished.
2025-05-12T01:48:39.251642Z I [56816:56292] app : XFS API Wrapper cleanup complete.
2025-05-12T01:48:39.251679Z I [56816:56292] app : XfsManager shutdown complete.
